This is pdfTeX, Version 3.1415926-2.5-1.40.14 (TeX Live 2013) (format=pdflatex 2017.12.5)  20 JUL 2018 21:56
entering extended mode
 restricted \write18 enabled.
 file:line:error style messages enabled.
 %&-line parsing enabled.
**\input Huge_MRA.tex
(./Huge_MRA.tex (/usr/share/texlive/texmf-dist/tex/latex/amscls/amsart.cls
Document Class: amsart 2009/07/02 v2.20.1
\linespacing=\dimen102
\normalparindent=\dimen103
\normaltopskip=\skip41
(/usr/share/texlive/texmf-dist/tex/latex/amsmath/amsmath.sty
Package: amsmath 2013/01/14 v2.14 AMS math features
\@mathmargin=\skip42

For additional information on amsmath, use the `?' option.
(/usr/share/texlive/texmf-dist/tex/latex/amsmath/amstext.sty
Package: amstext 2000/06/29 v2.01

(/usr/share/texlive/texmf-dist/tex/latex/amsmath/amsgen.sty
File: amsgen.sty 1999/11/30 v2.0
\@emptytoks=\toks14
\ex@=\dimen104
))
(/usr/share/texlive/texmf-dist/tex/latex/amsmath/amsbsy.sty
Package: amsbsy 1999/11/29 v1.2d
\pmbraise@=\dimen105
)
(/usr/share/texlive/texmf-dist/tex/latex/amsmath/amsopn.sty
Package: amsopn 1999/12/14 v2.01 operator names
)
\inf@bad=\count79
LaTeX Info: Redefining \frac on input line 210.
\uproot@=\count80
\leftroot@=\count81
LaTeX Info: Redefining \overline on input line 306.
\classnum@=\count82
\DOTSCASE@=\count83
LaTeX Info: Redefining \ldots on input line 378.
LaTeX Info: Redefining \dots on input line 381.
LaTeX Info: Redefining \cdots on input line 466.
\Mathstrutbox@=\box26
\strutbox@=\box27
\big@size=\dimen106
LaTeX Font Info:    Redeclaring font encoding OML on input line 566.
LaTeX Font Info:    Redeclaring font encoding OMS on input line 567.
\macc@depth=\count84
\c@MaxMatrixCols=\count85
\dotsspace@=\muskip10
\c@parentequation=\count86
\dspbrk@lvl=\count87
\tag@help=\toks15
\row@=\count88
\column@=\count89
\maxfields@=\count90
\andhelp@=\toks16
\eqnshift@=\dimen107
\alignsep@=\dimen108
\tagshift@=\dimen109
\tagwidth@=\dimen110
\totwidth@=\dimen111
\lineht@=\dimen112
\@envbody=\toks17
\multlinegap=\skip43
\multlinetaggap=\skip44
\mathdisplay@stack=\toks18
LaTeX Info: Redefining \[ on input line 2665.
LaTeX Info: Redefining \] on input line 2666.
)
LaTeX Font Info:    Try loading font information for U+msa on input line 388.

(/usr/share/texlive/texmf-dist/tex/latex/amsfonts/umsa.fd
File: umsa.fd 2013/01/14 v3.01 AMS symbols A
)
(/usr/share/texlive/texmf-dist/tex/latex/amsfonts/amsfonts.sty
Package: amsfonts 2013/01/14 v3.01 Basic AMSFonts support
\symAMSa=\mathgroup4
\symAMSb=\mathgroup5
LaTeX Font Info:    Overwriting math alphabet `\mathfrak' in version `bold'
(Font)                  U/euf/m/n --> U/euf/b/n on input line 106.
)
\copyins=\insert233
\abstractbox=\box28
\listisep=\skip45
\c@part=\count91
\c@section=\count92
\c@subsection=\count93
\c@subsubsection=\count94
\c@paragraph=\count95
\c@subparagraph=\count96
\c@figure=\count97
\c@table=\count98
\abovecaptionskip=\skip46
\belowcaptionskip=\skip47
\captionindent=\dimen113
\thm@style=\toks19
\thm@bodyfont=\toks20
\thm@headfont=\toks21
\thm@notefont=\toks22
\thm@headpunct=\toks23
\thm@preskip=\skip48
\thm@postskip=\skip49
\thm@headsep=\skip50
\dth@everypar=\toks24
)
(/usr/share/texlive/texmf-dist/tex/latex/graphics/graphicx.sty
Package: graphicx 1999/02/16 v1.0f Enhanced LaTeX Graphics (DPC,SPQR)

(/usr/share/texlive/texmf-dist/tex/latex/graphics/keyval.sty
Package: keyval 1999/03/16 v1.13 key=value parser (DPC)
\KV@toks@=\toks25
)
(/usr/share/texlive/texmf-dist/tex/latex/graphics/graphics.sty
Package: graphics 2009/02/05 v1.0o Standard LaTeX Graphics (DPC,SPQR)

(/usr/share/texlive/texmf-dist/tex/latex/graphics/trig.sty
Package: trig 1999/03/16 v1.09 sin cos tan (DPC)
)
(/usr/share/texlive/texmf-dist/tex/latex/latexconfig/graphics.cfg
File: graphics.cfg 2010/04/23 v1.9 graphics configuration of TeX Live
)
Package graphics Info: Driver file: pdftex.def on input line 91.

(/usr/share/texlive/texmf-dist/tex/latex/pdftex-def/pdftex.def
File: pdftex.def 2011/05/27 v0.06d Graphics/color for pdfTeX

(/usr/share/texlive/texmf-dist/tex/generic/oberdiek/infwarerr.sty
Package: infwarerr 2010/04/08 v1.3 Providing info/warning/error messages (HO)
)
(/usr/share/texlive/texmf-dist/tex/generic/oberdiek/ltxcmds.sty
Package: ltxcmds 2011/11/09 v1.22 LaTeX kernel commands for general use (HO)
)
\Gread@gobject=\count99
))
\Gin@req@height=\dimen114
\Gin@req@width=\dimen115
)
(/usr/share/texlive/texmf-dist/tex/latex/tools/bm.sty
Package: bm 2004/02/26 v1.1c Bold Symbol Support (DPC/FMi)
\symboldoperators=\mathgroup6
\symboldletters=\mathgroup7
\symboldsymbols=\mathgroup8
LaTeX Font Info:    Redeclaring math alphabet \mathbf on input line 138.
LaTeX Info: Redefining \bm on input line 204.
)
\c@theorem=\count100
 (./Huge_MRA.aux)
\openout1 = `Huge_MRA.aux'.

LaTeX Font Info:    Checking defaults for OML/cmm/m/it on input line 44.
LaTeX Font Info:    ... okay on input line 44.
LaTeX Font Info:    Checking defaults for T1/cmr/m/n on input line 44.
LaTeX Font Info:    ... okay on input line 44.
LaTeX Font Info:    Checking defaults for OT1/cmr/m/n on input line 44.
LaTeX Font Info:    ... okay on input line 44.
LaTeX Font Info:    Checking defaults for OMS/cmsy/m/n on input line 44.
LaTeX Font Info:    ... okay on input line 44.
LaTeX Font Info:    Checking defaults for OMX/cmex/m/n on input line 44.
LaTeX Font Info:    ... okay on input line 44.
LaTeX Font Info:    Checking defaults for U/cmr/m/n on input line 44.
LaTeX Font Info:    ... okay on input line 44.
LaTeX Font Info:    Try loading font information for U+msa on input line 44.

(/usr/share/texlive/texmf-dist/tex/latex/amsfonts/umsa.fd
File: umsa.fd 2013/01/14 v3.01 AMS symbols A
)
LaTeX Font Info:    Try loading font information for U+msb on input line 44.

(/usr/share/texlive/texmf-dist/tex/latex/amsfonts/umsb.fd
File: umsb.fd 2013/01/14 v3.01 AMS symbols B
)
(/usr/share/texlive/texmf-dist/tex/context/base/supp-pdf.mkii
[Loading MPS to PDF converter (version 2006.09.02).]
\scratchcounter=\count101
\scratchdimen=\dimen116
\scratchbox=\box29
\nofMPsegments=\count102
\nofMParguments=\count103
\everyMPshowfont=\toks26
\MPscratchCnt=\count104
\MPscratchDim=\dimen117
\MPnumerator=\count105
\makeMPintoPDFobject=\count106
\everyMPtoPDFconversion=\toks27
) (/usr/share/texlive/texmf-dist/tex/generic/oberdiek/pdftexcmds.sty
Package: pdftexcmds 2011/11/29 v0.20 Utility functions of pdfTeX for LuaTeX (HO
)

(/usr/share/texlive/texmf-dist/tex/generic/oberdiek/ifluatex.sty
Package: ifluatex 2010/03/01 v1.3 Provides the ifluatex switch (HO)
Package ifluatex Info: LuaTeX not detected.
)
(/usr/share/texlive/texmf-dist/tex/generic/oberdiek/ifpdf.sty
Package: ifpdf 2011/01/30 v2.3 Provides the ifpdf switch (HO)
Package ifpdf Info: pdfTeX in PDF mode is detected.
)
Package pdftexcmds Info: LuaTeX not detected.
Package pdftexcmds Info: \pdf@primitive is available.
Package pdftexcmds Info: \pdf@ifprimitive is available.
Package pdftexcmds Info: \pdfdraftmode found.
)
(/usr/share/texlive/texmf-dist/tex/latex/oberdiek/epstopdf-base.sty
Package: epstopdf-base 2010/02/09 v2.5 Base part for package epstopdf

(/usr/share/texlive/texmf-dist/tex/latex/oberdiek/grfext.sty
Package: grfext 2010/08/19 v1.1 Manage graphics extensions (HO)

(/usr/share/texlive/texmf-dist/tex/generic/oberdiek/kvdefinekeys.sty
Package: kvdefinekeys 2011/04/07 v1.3 Define keys (HO)
))
(/usr/share/texlive/texmf-dist/tex/latex/oberdiek/kvoptions.sty
Package: kvoptions 2011/06/30 v3.11 Key value format for package options (HO)

(/usr/share/texlive/texmf-dist/tex/generic/oberdiek/kvsetkeys.sty
Package: kvsetkeys 2012/04/25 v1.16 Key value parser (HO)

(/usr/share/texlive/texmf-dist/tex/generic/oberdiek/etexcmds.sty
Package: etexcmds 2011/02/16 v1.5 Avoid name clashes with e-TeX commands (HO)
Package etexcmds Info: Could not find \expanded.
(etexcmds)             That can mean that you are not using pdfTeX 1.50 or
(etexcmds)             that some package has redefined \expanded.
(etexcmds)             In the latter case, load this package earlier.
)))
Package grfext Info: Graphics extension search list:
(grfext)             [.png,.pdf,.jpg,.mps,.jpeg,.jbig2,.jb2,.PNG,.PDF,.JPG,.JPE
G,.JBIG2,.JB2,.eps]
(grfext)             \AppendGraphicsExtensions on input line 452.

(/usr/share/texlive/texmf-dist/tex/latex/latexconfig/epstopdf-sys.cfg
File: epstopdf-sys.cfg 2010/07/13 v1.3 Configuration of (r)epstopdf for TeX Liv
e
))
[1{/usr/share/texlive/texmf-var/fonts/map/pdftex/updmap/pdftex.map}]
Overfull \hbox (78.33174pt too wide) detected at line 87
[] []
 []

[2]
Overfull \hbox (21.58055pt too wide) detected at line 95
\OML/cmm/m/it/10 m[]\OT1/cmr/m/n/10 [\OML/cmm/m/it/10 x\OT1/cmr/m/n/10 ][(^^A\O
ML/cmm/m/it/10 i[]; \OT1/cmr/m/n/10 ^^A\OML/cmm/m/it/10 j[]\OT1/cmr/m/n/10 ); [
] ; (^^A\OML/cmm/m/it/10 i[]; \OT1/cmr/m/n/10 ^^A\OML/cmm/m/it/10 j[]\OT1/cmr/m
/n/10 )] = [] [] \OML/cmm/m/it/10 x\OT1/cmr/m/n/10 [\OML/cmm/m/it/10 i; j\OT1/c
mr/m/n/10 ]\OML/cmm/m/it/10 x\OT1/cmr/m/n/10 [\OML/cmm/m/it/10 i \OT1/cmr/m/n/1
0 + ^^A\OML/cmm/m/it/10 i[]; j \OT1/cmr/m/n/10 + ^^A\OML/cmm/m/it/10 j[]\OT1/cm
r/m/n/10 ] [] \OML/cmm/m/it/10 x\OT1/cmr/m/n/10 [\OML/cmm/m/it/10 i \OT1/cmr/m/
n/10 + ^^A\OML/cmm/m/it/10 i[]; j \OT1/cmr/m/n/10 + ^^A\OML/cmm/m/it/10 j[]\OT1
/cmr/m/n/10 ]\OML/cmm/m/it/10 ;
 []

LaTeX Font Info:    Try loading font information for U+euf on input line 104.
(/usr/share/texlive/texmf-dist/tex/latex/amsfonts/ueuf.fd
File: ueuf.fd 2013/01/14 v3.01 Euler Fraktur
)
Overfull \hbox (87.31053pt too wide) detected at line 107
[] []
 []

[3]
Overfull \hbox (37.66277pt too wide) detected at line 120
[] []
 []

[4] [5]
Overfull \hbox (80.41336pt too wide) detected at line 181
[] []
 []


Overfull \hbox (16.13672pt too wide) in paragraph at lines 189--191
\OT1/cmr/m/n/10 where $\OML/cmm/m/it/10 []$ \OT1/cmr/m/n/10 is the eigen-value
 cor-re-spond-ing to the $(\OML/cmm/m/it/10 N; n\OT1/cmr/m/n/10 )$th PSWF, $[] 
= (\OML/cmm/m/it/10 c=\OT1/cmr/m/n/10 2\OML/cmm/m/it/10 ^^Y\OT1/cmr/m/n/10 )[]\
OML/cmm/m/it/10 []$\OT1/cmr/m/n/10 ,
 []


Overfull \hbox (27.79474pt too wide) detected at line 192
[] []
 []


Overfull \hbox (14.14261pt too wide) detected at line 195
[] []
 []

[6]
Overfull \hbox (19.22282pt too wide) detected at line 198
\OMS/cmsy/m/n/10 h\OML/cmm/m/it/10 D[]\OT1/cmr/m/n/10 (\OML/cmm/m/it/10 !\OT1/c
mr/m/n/10 )\OML/cmm/m/it/10 D[][]\OMS/cmsy/m/n/10 i[] \OT1/cmr/m/n/10 = (\OMS/c
msy/m/n/10 ^^@\OT1/cmr/m/n/10 1)[] [] [] \OML/cmm/m/it/10 ; 
 []


Overfull \hbox (64.07481pt too wide) detected at line 202
[] []
 []


Overfull \hbox (112.4799pt too wide) detected at line 211
[] []
 []

[7]
Overfull \hbox (105.61575pt too wide) detected at line 220
\OML/cmm/m/it/10 B[]\OT1/cmr/m/n/10 (\OML/cmm/m/it/10 `[]; `[]; `[]; s[]; s[]; 
s[]\OT1/cmr/m/n/10 ) = [] [] \OML/cmm/m/it/10 W\OT1/cmr/m/n/10 (\OML/cmm/m/it/1
0 `[]; `[]; `[]; N[]; N[]\OT1/cmr/m/n/10 ) [][] 	[](\OT1/cmr/bx/n/10 r\OT1/cmr/
m/n/10 )\OML/cmm/m/it/10 ^^Z[]\OT1/cmr/m/n/10 (\OT1/cmr/bx/n/10 r\OT1/cmr/m/n/1
0 )[]\OML/cmm/m/it/10 ;
 []

[8]
Overfull \hbox (33.33443pt too wide) detected at line 267
[] []
 []

[9]
Overfull \hbox (61.24309pt too wide) detected at line 301
[]\OT1/cmr/m/n/10 (\OML/cmm/m/it/10 X[]\OT1/cmr/m/n/10 ) = \U/msb/m/n/10 E[] []
 \OT1/cmr/m/n/10 = [] [] \U/msb/m/n/10 E[]\OT1/cmr/m/n/10 [(\OML/cmm/m/it/10 ^^
X[] \OMS/cmsy/m/n/10 ^^@ \OML/cmm/m/it/10 ^^[[]\OT1/cmr/m/n/10 )(\OML/cmm/m/it/
10 ^^X[] \OMS/cmsy/m/n/10 ^^@ \OML/cmm/m/it/10 ^^[[]\OT1/cmr/m/n/10 )]\OML/cmm/
m/it/10 x[]x[] \OT1/cmr/m/n/10 = [] [] \OML/cmm/m/it/10 ;
 []

[10]
Overfull \hbox (35.16731pt too wide) detected at line 374
[] []
 []

[11]
Overfull \hbox (2.64342pt too wide) detected at line 391
[] [] \OMS/cmsy/m/n/10 I\OT1/cmr/m/n/10 (\OT1/cmr/bx/n/10 i\OT1/cmr/m/n/10 )\OM
L/cmm/m/it/10 ^^X\OT1/cmr/m/n/10 (\OT1/cmr/bx/n/10 i \OT1/cmr/m/n/10 + ^^A\OT1/
cmr/bx/n/10 i[]\OT1/cmr/m/n/10 )[] = [] \OMS/cmsy/m/n/10 ^^A [] [] \OML/cmm/m/i
t/10 I[]\OT1/cmr/m/n/10 (\OT1/cmr/bx/n/10 i\OT1/cmr/m/n/10 )\OML/cmm/m/it/10 ^^
X[]\OT1/cmr/m/n/10 (\OT1/cmr/bx/n/10 i \OT1/cmr/m/n/10 + ^^A\OT1/cmr/bx/n/10 i\
OT1/cmr/m/n/10 )[] \OMS/cmsy/m/n/10 ! \OML/cmm/m/it/10 ^^M^^[[]\U/msb/m/n/10 E\
OT1/cmr/m/n/10 [\OML/cmm/m/it/10 I[]\OT1/cmr/m/n/10 ] = \OML/cmm/m/it/10 ^^M^^[
[]Lm[]\OT1/cmr/m/n/10 [\OML/cmm/m/it/10 V\OT1/cmr/m/n/10 ]\OML/cmm/m/it/10 ;
 []


Overfull \hbox (27.64589pt too wide) detected at line 407
\OML/cmm/m/it/10 m[]\OT1/cmr/m/n/10 [\OMS/cmsy/m/n/10 I \OT1/cmr/m/n/10 + \OML/
cmm/m/it/10 ^^X\OT1/cmr/m/n/10 ](^^A\OT1/cmr/bx/n/10 i[]\OML/cmm/m/it/10 ; \OT1
/cmr/m/n/10 ^^A\OT1/cmr/bx/n/10 i[]\OT1/cmr/m/n/10 ) \OMS/cmsy/m/n/10 ! \OML/cm
m/m/it/10 ^^M\OMS/cmsy/m/n/10 h\OML/cmm/m/it/10 m[]\OT1/cmr/m/n/10 [\OML/cmm/m/
it/10 I[]\OT1/cmr/m/n/10 ](^^A\OT1/cmr/bx/n/10 i[]\OML/cmm/m/it/10 ; \OT1/cmr/m
/n/10 ^^A\OT1/cmr/bx/n/10 i[]\OT1/cmr/m/n/10 )\OMS/cmsy/m/n/10 i[] \OT1/cmr/m/n
/10 + \OML/cmm/m/it/10 ^^M^^[[]Lm[]\OT1/cmr/m/n/10 [\OML/cmm/m/it/10 V\OT1/cmr/
m/n/10 ][]\OML/cmm/m/it/10 ^^N\OT1/cmr/m/n/10 (^^A\OT1/cmr/bx/n/10 i[] \OMS/cms
y/m/n/10 ^^@ \OT1/cmr/m/n/10 ^^A\OT1/cmr/bx/n/10 i[]\OT1/cmr/m/n/10 ) + \OML/cm
m/m/it/10 ^^N\OT1/cmr/m/n/10 (^^A\OT1/cmr/bx/n/10 i[]\OT1/cmr/m/n/10 ) + \OML/c
mm/m/it/10 ^^N\OT1/cmr/m/n/10 (^^A\OT1/cmr/bx/n/10 i[]\OT1/cmr/m/n/10 )[]\OML/c
mm/m/it/10 :
 []

[12]
Overfull \hbox (12.93965pt too wide) detected at line 454
[]\OT1/cmr/m/n/10 (\OML/cmm/m/it/10 k; q[]; q[]\OT1/cmr/m/n/10 ) = \U/euf/m/n/1
0 m[]\OT1/cmr/m/n/10 (\OML/cmm/m/it/10 k; q[]; q[]\OT1/cmr/m/n/10 ) + \OML/cmm/
m/it/10 ^^[[]m[]\OT1/cmr/m/n/10 [[]] [] \OML/cmm/m/it/10 :
 []

[13] (./Huge_MRA.aux) ) 
Here is how much of TeX's memory you used:
 2763 strings out of 494820
 35336 string characters out of 3178049
 100435 words of memory out of 3000000
 5747 multiletter control sequences out of 15000+200000
 14568 words of font info for 55 fonts, out of 3000000 for 9000
 359 hyphenation exceptions out of 8191
 37i,15n,31p,753b,244s stack positions out of 5000i,500n,10000p,200000b,50000s
</usr/share/texlive/texmf-dist/fonts/type1/public/amsfon
ts/cm/cmbx10.pfb></usr/share/texlive/texmf-dist/fonts/type1/public/amsfonts/cm/
cmbx7.pfb></usr/share/texlive/texmf-dist/fonts/type1/public/amsfonts/cm/cmcsc10
.pfb></usr/share/texlive/texmf-dist/fonts/type1/public/amsfonts/cm/cmex10.pfb><
/usr/share/texlive/texmf-dist/fonts/type1/public/amsfonts/cm/cmmi10.pfb></usr/s
hare/texlive/texmf-dist/fonts/type1/public/amsfonts/cm/cmmi5.pfb></usr/share/te
xlive/texmf-dist/fonts/type1/public/amsfonts/cm/cmmi7.pfb></usr/share/texlive/t
exmf-dist/fonts/type1/public/amsfonts/cm/cmmib10.pfb></usr/share/texlive/texmf-
dist/fonts/type1/public/amsfonts/cmextra/cmmib7.pfb></usr/share/texlive/texmf-d
ist/fonts/type1/public/amsfonts/cm/cmr10.pfb></usr/share/texlive/texmf-dist/fon
ts/type1/public/amsfonts/cm/cmr5.pfb></usr/share/texlive/texmf-dist/fonts/type1
/public/amsfonts/cm/cmr7.pfb></usr/share/texlive/texmf-dist/fonts/type1/public/
amsfonts/cm/cmsy10.pfb></usr/share/texlive/texmf-dist/fonts/type1/public/amsfon
ts/cm/cmsy5.pfb></usr/share/texlive/texmf-dist/fonts/type1/public/amsfonts/cm/c
msy7.pfb></usr/share/texlive/texmf-dist/fonts/type1/public/amsfonts/cm/cmti10.p
fb></usr/share/texlive/texmf-dist/fonts/type1/public/amsfonts/cm/cmtt10.pfb></u
sr/share/texlive/texmf-dist/fonts/type1/public/amsfonts/euler/eufm10.pfb></usr/
share/texlive/texmf-dist/fonts/type1/public/amsfonts/symbols/msbm10.pfb></usr/s
hare/texlive/texmf-dist/fonts/type1/public/amsfonts/symbols/msbm7.pfb>
Output written on Huge_MRA.pdf (13 pages, 257266 bytes).
PDF statistics:
 127 PDF objects out of 1000 (max. 8388607)
 91 compressed objects within 1 object stream
 0 named destinations out of 1000 (max. 500000)
 1 words of extra memory for PDF output out of 10000 (max. 10000000)

