This is pdfTeX, Version 3.1415926-2.5-1.40.14 (TeX Live 2013) (format=pdflatex 2017.12.5)  27 AUG 2018 17:24
entering extended mode
 restricted \write18 enabled.
 file:line:error style messages enabled.
 %&-line parsing enabled.
**\input pnas-new.cls
(./pnas-new.cls

LaTeX Warning: You have requested package `',
               but the package provides `pnas-new'.

Package: pnas-new 2018/05/06, v1.44

./pnas-new.cls:29: LaTeX Error: Missing \begin{document}.

See the LaTeX manual or LaTeX Companion for explanation.
Type  H <return>  for immediate help.
 ...                                              
                                                  
l.29 \newif\if@
               pnaslineno
You're in trouble here.  Try typing  <return>  to proceed.
If that doesn't work, type  X <return>  to quit.

Missing character: There is no @ in font nullfont!
Missing character: There is no p in font nullfont!
Missing character: There is no n in font nullfont!
Missing character: There is no a in font nullfont!
Missing character: There is no s in font nullfont!
Missing character: There is no l in font nullfont!
Missing character: There is no i in font nullfont!
Missing character: There is no n in font nullfont!
Missing character: There is no e in font nullfont!
Missing character: There is no n in font nullfont!
Missing character: There is no o in font nullfont!
(/usr/share/texlive/texmf-dist/tex/latex/extsizes/extarticle.cls
Document Class: extarticle 1996/10/08 v1.0 Non Standard LaTeX document class

Overfull \hbox (20.0pt too wide) in paragraph at lines 29--59
[]
 []

(/usr/share/texlive/texmf-dist/tex/latex/base/size10.clo
File: size10.clo 2007/10/19 v1.4h Standard LaTeX file (size option)

/usr/share/texlive/texmf-dist/tex/latex/base/size10.clo:119: Font OT1/cmr/m/n/1
0= not loadable: Metric (TFM) file not found.
<to be read again> 
                   relax 
l.119     \ifdim\@tempdima>
                           2\@tempdimb\relax
I wasn't able to read the size data for this font,
so I will ignore the font specification.
[Wizards can fix TFM files using TFtoPL/PLtoTF.]
You might try inserting a different font spec;
e.g., type `I\font<same font id>=<substitute font name>'.

/usr/share/texlive/texmf-dist/tex/latex/base/size10.clo:124: Extra \else.
l.124   \else
             
I'm ignoring this; it doesn't match any \if.

) (/usr/share/texlive/texmf-dist/tex/latex/base/exscale.sty
Package: exscale 2007/10/29 v2.1h Standard LaTeX package exscale
LaTeX Font Info:    Redeclaring symbol font `largesymbols' on input line 52.
LaTeX Font Info:    Overwriting symbol font `largesymbols' in version `normal'
(Font)                  OMX/cmex/m/n --> OMX/cmex/m/n on input line 52.
LaTeX Font Info:    Overwriting symbol font `largesymbols' in version `bold'
(Font)                  OMX/cmex/m/n --> OMX/cmex/m/n on input line 52.
\big@size=\dimen102
)
\c@part=\count79
\c@section=\count80
\c@subsection=\count81
\c@subsubsection=\count82
\c@paragraph=\count83
\c@subparagraph=\count84
\c@figure=\count85
\c@table=\count86
\abovecaptionskip=\skip41
\belowcaptionskip=\skip42
\bibindent=\dimen103
Missing character: There is no 1 in font nullfont!
 [1])
(/usr/share/texlive/texmf-dist/tex/latex/base/inputenc.sty
Package: inputenc 2008/03/30 v1.1d Input encoding file
\inpenc@prehook=\toks14
\inpenc@posthook=\toks15

(/usr/share/texlive/texmf-dist/tex/latex/base/utf8.def
File: utf8.def 2008/04/05 v1.1m UTF-8 support for inputenc
Now handling font encoding OML ...
... no UTF-8 mapping file for font encoding OML
Now handling font encoding T1 ...
... processing UTF-8 mapping file for font encoding T1

(/usr/share/texlive/texmf-dist/tex/latex/base/t1enc.dfu
File: t1enc.dfu 2008/04/05 v1.1m UTF-8 support for inputenc
   defining Unicode char U+00A1 (decimal 161)
   defining Unicode char U+00A3 (decimal 163)
   defining Unicode char U+00AB (decimal 171)
   defining Unicode char U+00BB (decimal 187)
   defining Unicode char U+00BF (decimal 191)
   defining Unicode char U+00C0 (decimal 192)
   defining Unicode char U+00C1 (decimal 193)
   defining Unicode char U+00C2 (decimal 194)
   defining Unicode char U+00C3 (decimal 195)
   defining Unicode char U+00C4 (decimal 196)
   defining Unicode char U+00C5 (decimal 197)
   defining Unicode char U+00C6 (decimal 198)
   defining Unicode char U+00C7 (decimal 199)
   defining Unicode char U+00C8 (decimal 200)
   defining Unicode char U+00C9 (decimal 201)
   defining Unicode char U+00CA (decimal 202)
   defining Unicode char U+00CB (decimal 203)
   defining Unicode char U+00CC (decimal 204)
   defining Unicode char U+00CD (decimal 205)
   defining Unicode char U+00CE (decimal 206)
   defining Unicode char U+00CF (decimal 207)
   defining Unicode char U+00D0 (decimal 208)
   defining Unicode char U+00D1 (decimal 209)
   defining Unicode char U+00D2 (decimal 210)
   defining Unicode char U+00D3 (decimal 211)
   defining Unicode char U+00D4 (decimal 212)
   defining Unicode char U+00D5 (decimal 213)
   defining Unicode char U+00D6 (decimal 214)
   defining Unicode char U+00D8 (decimal 216)
   defining Unicode char U+00D9 (decimal 217)
   defining Unicode char U+00DA (decimal 218)
   defining Unicode char U+00DB (decimal 219)
   defining Unicode char U+00DC (decimal 220)
   defining Unicode char U+00DD (decimal 221)
   defining Unicode char U+00DE (decimal 222)
   defining Unicode char U+00DF (decimal 223)
   defining Unicode char U+00E0 (decimal 224)
   defining Unicode char U+00E1 (decimal 225)
   defining Unicode char U+00E2 (decimal 226)
   defining Unicode char U+00E3 (decimal 227)
   defining Unicode char U+00E4 (decimal 228)
   defining Unicode char U+00E5 (decimal 229)
   defining Unicode char U+00E6 (decimal 230)
   defining Unicode char U+00E7 (decimal 231)
   defining Unicode char U+00E8 (decimal 232)
   defining Unicode char U+00E9 (decimal 233)
   defining Unicode char U+00EA (decimal 234)
   defining Unicode char U+00EB (decimal 235)
   defining Unicode char U+00EC (decimal 236)
   defining Unicode char U+00ED (decimal 237)
   defining Unicode char U+00EE (decimal 238)
   defining Unicode char U+00EF (decimal 239)
   defining Unicode char U+00F0 (decimal 240)
   defining Unicode char U+00F1 (decimal 241)
   defining Unicode char U+00F2 (decimal 242)
   defining Unicode char U+00F3 (decimal 243)
   defining Unicode char U+00F4 (decimal 244)
   defining Unicode char U+00F5 (decimal 245)
   defining Unicode char U+00F6 (decimal 246)
   defining Unicode char U+00F8 (decimal 248)
   defining Unicode char U+00F9 (decimal 249)
   defining Unicode char U+00FA (decimal 250)
   defining Unicode char U+00FB (decimal 251)
   defining Unicode char U+00FC (decimal 252)
   defining Unicode char U+00FD (decimal 253)
   defining Unicode char U+00FE (decimal 254)
   defining Unicode char U+00FF (decimal 255)
   defining Unicode char U+0102 (decimal 258)
   defining Unicode char U+0103 (decimal 259)
   defining Unicode char U+0104 (decimal 260)
   defining Unicode char U+0105 (decimal 261)
   defining Unicode char U+0106 (decimal 262)
   defining Unicode char U+0107 (decimal 263)
   defining Unicode char U+010C (decimal 268)
   defining Unicode char U+010D (decimal 269)
   defining Unicode char U+010E (decimal 270)
   defining Unicode char U+010F (decimal 271)
   defining Unicode char U+0110 (decimal 272)
   defining Unicode char U+0111 (decimal 273)
   defining Unicode char U+0118 (decimal 280)
   defining Unicode char U+0119 (decimal 281)
   defining Unicode char U+011A (decimal 282)
   defining Unicode char U+011B (decimal 283)
   defining Unicode char U+011E (decimal 286)
   defining Unicode char U+011F (decimal 287)
   defining Unicode char U+0130 (decimal 304)
   defining Unicode char U+0131 (decimal 305)
   defining Unicode char U+0132 (decimal 306)
   defining Unicode char U+0133 (decimal 307)
   defining Unicode char U+0139 (decimal 313)
   defining Unicode char U+013A (decimal 314)
   defining Unicode char U+013D (decimal 317)
   defining Unicode char U+013E (decimal 318)
   defining Unicode char U+0141 (decimal 321)
   defining Unicode char U+0142 (decimal 322)
   defining Unicode char U+0143 (decimal 323)
   defining Unicode char U+0144 (decimal 324)
   defining Unicode char U+0147 (decimal 327)
   defining Unicode char U+0148 (decimal 328)
   defining Unicode char U+014A (decimal 330)
   defining Unicode char U+014B (decimal 331)
   defining Unicode char U+0150 (decimal 336)
   defining Unicode char U+0151 (decimal 337)
   defining Unicode char U+0152 (decimal 338)
   defining Unicode char U+0153 (decimal 339)
   defining Unicode char U+0154 (decimal 340)
   defining Unicode char U+0155 (decimal 341)
   defining Unicode char U+0158 (decimal 344)
   defining Unicode char U+0159 (decimal 345)
   defining Unicode char U+015A (decimal 346)
   defining Unicode char U+015B (decimal 347)
   defining Unicode char U+015E (decimal 350)
   defining Unicode char U+015F (decimal 351)
   defining Unicode char U+0160 (decimal 352)
   defining Unicode char U+0161 (decimal 353)
   defining Unicode char U+0162 (decimal 354)
   defining Unicode char U+0163 (decimal 355)
   defining Unicode char U+0164 (decimal 356)
   defining Unicode char U+0165 (decimal 357)
   defining Unicode char U+016E (decimal 366)
   defining Unicode char U+016F (decimal 367)
   defining Unicode char U+0170 (decimal 368)
   defining Unicode char U+0171 (decimal 369)
   defining Unicode char U+0178 (decimal 376)
   defining Unicode char U+0179 (decimal 377)
   defining Unicode char U+017A (decimal 378)
   defining Unicode char U+017B (decimal 379)
   defining Unicode char U+017C (decimal 380)
   defining Unicode char U+017D (decimal 381)
   defining Unicode char U+017E (decimal 382)
   defining Unicode char U+200C (decimal 8204)
   defining Unicode char U+2013 (decimal 8211)
   defining Unicode char U+2014 (decimal 8212)
   defining Unicode char U+2018 (decimal 8216)
   defining Unicode char U+2019 (decimal 8217)
   defining Unicode char U+201A (decimal 8218)
   defining Unicode char U+201C (decimal 8220)
   defining Unicode char U+201D (decimal 8221)
   defining Unicode char U+201E (decimal 8222)
   defining Unicode char U+2030 (decimal 8240)
   defining Unicode char U+2031 (decimal 8241)
   defining Unicode char U+2039 (decimal 8249)
   defining Unicode char U+203A (decimal 8250)
   defining Unicode char U+2423 (decimal 9251)
)
Now handling font encoding OT1 ...
... processing UTF-8 mapping file for font encoding OT1

(/usr/share/texlive/texmf-dist/tex/latex/base/ot1enc.dfu
File: ot1enc.dfu 2008/04/05 v1.1m UTF-8 support for inputenc
   defining Unicode char U+00A1 (decimal 161)
   defining Unicode char U+00A3 (decimal 163)
   defining Unicode char U+00B8 (decimal 184)
   defining Unicode char U+00BF (decimal 191)
   defining Unicode char U+00C5 (decimal 197)
   defining Unicode char U+00C6 (decimal 198)
   defining Unicode char U+00D8 (decimal 216)
   defining Unicode char U+00DF (decimal 223)
   defining Unicode char U+00E6 (decimal 230)
   defining Unicode char U+00EC (decimal 236)
   defining Unicode char U+00ED (decimal 237)
   defining Unicode char U+00EE (decimal 238)
   defining Unicode char U+00EF (decimal 239)
   defining Unicode char U+00F8 (decimal 248)
   defining Unicode char U+0131 (decimal 305)
   defining Unicode char U+0141 (decimal 321)
   defining Unicode char U+0142 (decimal 322)
   defining Unicode char U+0152 (decimal 338)
   defining Unicode char U+0153 (decimal 339)
   defining Unicode char U+2013 (decimal 8211)
   defining Unicode char U+2014 (decimal 8212)
   defining Unicode char U+2018 (decimal 8216)
   defining Unicode char U+2019 (decimal 8217)
   defining Unicode char U+201C (decimal 8220)
   defining Unicode char U+201D (decimal 8221)
)
Now handling font encoding OMS ...
... processing UTF-8 mapping file for font encoding OMS

(/usr/share/texlive/texmf-dist/tex/latex/base/omsenc.dfu
File: omsenc.dfu 2008/04/05 v1.1m UTF-8 support for inputenc
   defining Unicode char U+00A7 (decimal 167)
   defining Unicode char U+00B6 (decimal 182)
   defining Unicode char U+00B7 (decimal 183)
   defining Unicode char U+2020 (decimal 8224)
   defining Unicode char U+2021 (decimal 8225)
   defining Unicode char U+2022 (decimal 8226)
)
Now handling font encoding OMX ...
... no UTF-8 mapping file for font encoding OMX
Now handling font encoding U ...
... no UTF-8 mapping file for font encoding U
   defining Unicode char U+00A9 (decimal 169)
   defining Unicode char U+00AA (decimal 170)
   defining Unicode char U+00AE (decimal 174)
   defining Unicode char U+00BA (decimal 186)
   defining Unicode char U+02C6 (decimal 710)
   defining Unicode char U+02DC (decimal 732)
   defining Unicode char U+200C (decimal 8204)
   defining Unicode char U+2026 (decimal 8230)
   defining Unicode char U+2122 (decimal 8482)
   defining Unicode char U+2423 (decimal 9251)
))
(/usr/share/texlive/texmf-dist/tex/generic/babel/babel.sty
Package: babel 2008/07/08 v3.8m The Babel package

(/usr/share/texlive/texmf-dist/tex/generic/babel/english.ldf
Language: english 2005/03/30 v3.3o English support from the babel system

(/usr/share/texlive/texmf-dist/tex/generic/babel/babel.def
File: babel.def 2008/07/08 v3.8m Babel common definitions
\babel@savecnt=\count87
\U@D=\dimen104
)
\l@british = a dialect from \language\l@english 
\l@UKenglish = a dialect from \language\l@english 
\l@canadian = a dialect from \language\l@american 
\l@australian = a dialect from \language\l@british 
\l@newzealand = a dialect from \language\l@british 
))
(/usr/share/texlive/texmf-dist/tex/latex/amsmath/amsmath.sty
Package: amsmath 2013/01/14 v2.14 AMS math features
\@mathmargin=\skip43

For additional information on amsmath, use the `?' option.
(/usr/share/texlive/texmf-dist/tex/latex/amsmath/amstext.sty
Package: amstext 2000/06/29 v2.01

(/usr/share/texlive/texmf-dist/tex/latex/amsmath/amsgen.sty
File: amsgen.sty 1999/11/30 v2.0
\@emptytoks=\toks16
\ex@=\dimen105
))
(/usr/share/texlive/texmf-dist/tex/latex/amsmath/amsbsy.sty
Package: amsbsy 1999/11/29 v1.2d
\pmbraise@=\dimen106
)
(/usr/share/texlive/texmf-dist/tex/latex/amsmath/amsopn.sty
Package: amsopn 1999/12/14 v2.01 operator names
)
\inf@bad=\count88
LaTeX Info: Redefining \frac on input line 210.
\uproot@=\count89
\leftroot@=\count90

/usr/share/texlive/texmf-dist/tex/latex/amsmath/amsmath.sty:304: Improper alpha
betic constant.
<to be read again> 
                   \varGamma 
l.304 }{}
         
A one-character control sequence belongs after a ` mark.
So I'm essentially inserting \0 here.

/usr/share/texlive/texmf-dist/tex/latex/amsmath/amsmath.sty:304: Missing number
, treated as zero.
<to be read again> 
                   \varGamma 
l.304 }{}
         
A number should have been here; I inserted `0'.
(If you can't figure out why I needed to see a number,
look up `weird error' in the index to The TeXbook.)


/usr/share/texlive/texmf-dist/tex/latex/amsmath/amsmath.sty:304: LaTeX Error: M
issing \begin{document}.

See the LaTeX manual or LaTeX Companion for explanation.
Type  H <return>  for immediate help.
 ...                                              
                                                  
l.304 }{}
         
You're in trouble here.  Try typing  <return>  to proceed.
If that doesn't work, type  X <return>  to quit.

Missing character: There is no = in font nullfont!
Missing character: There is no " in font nullfont!
Missing character: There is no 0 in font nullfont!
Missing character: There is no 1 in font nullfont!
Missing character: There is no 0 in font nullfont!
Missing character: There is no 0 in font nullfont!
/usr/share/texlive/texmf-dist/tex/latex/amsmath/amsmath.sty:304: Improper alpha
betic constant.
<to be read again> 
                   \varDelta 
l.304 }{}
         
A one-character control sequence belongs after a ` mark.
So I'm essentially inserting \0 here.

/usr/share/texlive/texmf-dist/tex/latex/amsmath/amsmath.sty:304: Undefined cont
rol sequence.
<recently read> \varDelta 
                          
l.304 }{}
         
The control sequence at the end of the top line
of your error message was never \def'ed. If you have
misspelled it (e.g., `\hobx'), type `I' and the correct
spelling (e.g., `I\hbox'). Otherwise just continue,
and I'll forget about whatever was undefined.

/usr/share/texlive/texmf-dist/tex/latex/amsmath/amsmath.sty:304: Improper alpha
betic constant.
<to be read again> 
                   \varTheta 
l.304 }{}
         
A one-character control sequence belongs after a ` mark.
So I'm essentially inserting \0 here.

/usr/share/texlive/texmf-dist/tex/latex/amsmath/amsmath.sty:304: Undefined cont
rol sequence.
<recently read> \varTheta 
                          
l.304 }{}
         
The control sequence at the end of the top line
of your error message was never \def'ed. If you have
misspelled it (e.g., `\hobx'), type `I' and the correct
spelling (e.g., `I\hbox'). Otherwise just continue,
and I'll forget about whatever was undefined.

/usr/share/texlive/texmf-dist/tex/latex/amsmath/amsmath.sty:304: Improper alpha
betic constant.
<to be read again> 
                   \varLambda 
l.304 }{}
         
A one-character control sequence belongs after a ` mark.
So I'm essentially inserting \0 here.

/usr/share/texlive/texmf-dist/tex/latex/amsmath/amsmath.sty:304: Undefined cont
rol sequence.
<recently read> \varLambda 
                           
l.304 }{}
         
The control sequence at the end of the top line
of your error message was never \def'ed. If you have
misspelled it (e.g., `\hobx'), type `I' and the correct
spelling (e.g., `I\hbox'). Otherwise just continue,
and I'll forget about whatever was undefined.

/usr/share/texlive/texmf-dist/tex/latex/amsmath/amsmath.sty:304: Improper alpha
betic constant.
<to be read again> 
                   \varXi 
l.304 }{}
         
A one-character control sequence belongs after a ` mark.
So I'm essentially inserting \0 here.

/usr/share/texlive/texmf-dist/tex/latex/amsmath/amsmath.sty:304: Undefined cont
rol sequence.
<recently read> \varXi 
                       
l.304 }{}
         
The control sequence at the end of the top line
of your error message was never \def'ed. If you have
misspelled it (e.g., `\hobx'), type `I' and the correct
spelling (e.g., `I\hbox'). Otherwise just continue,
and I'll forget about whatever was undefined.

/usr/share/texlive/texmf-dist/tex/latex/amsmath/amsmath.sty:304: Improper alpha
betic constant.
<to be read again> 
                   \varPi 
l.304 }{}
         
A one-character control sequence belongs after a ` mark.
So I'm essentially inserting \0 here.

/usr/share/texlive/texmf-dist/tex/latex/amsmath/amsmath.sty:304: Undefined cont
rol sequence.
<recently read> \varPi 
                       
l.304 }{}
         
The control sequence at the end of the top line
of your error message was never \def'ed. If you have
misspelled it (e.g., `\hobx'), type `I' and the correct
spelling (e.g., `I\hbox'). Otherwise just continue,
and I'll forget about whatever was undefined.

/usr/share/texlive/texmf-dist/tex/latex/amsmath/amsmath.sty:304: Improper alpha
betic constant.
<to be read again> 
                   \varSigma 
l.304 }{}
         
A one-character control sequence belongs after a ` mark.
So I'm essentially inserting \0 here.

/usr/share/texlive/texmf-dist/tex/latex/amsmath/amsmath.sty:304: Undefined cont
rol sequence.
<recently read> \varSigma 
                          
l.304 }{}
         
The control sequence at the end of the top line
of your error message was never \def'ed. If you have
misspelled it (e.g., `\hobx'), type `I' and the correct
spelling (e.g., `I\hbox'). Otherwise just continue,
and I'll forget about whatever was undefined.

/usr/share/texlive/texmf-dist/tex/latex/amsmath/amsmath.sty:304: Improper alpha
betic constant.
<to be read again> 
                   \varUpsilon 
l.304 }{}
         
A one-character control sequence belongs after a ` mark.
So I'm essentially inserting \0 here.

/usr/share/texlive/texmf-dist/tex/latex/amsmath/amsmath.sty:304: Undefined cont
rol sequence.
<recently read> \varUpsilon 
                            
l.304 }{}
         
The control sequence at the end of the top line
of your error message was never \def'ed. If you have
misspelled it (e.g., `\hobx'), type `I' and the correct
spelling (e.g., `I\hbox'). Otherwise just continue,
and I'll forget about whatever was undefined.

/usr/share/texlive/texmf-dist/tex/latex/amsmath/amsmath.sty:304: Improper alpha
betic constant.
<to be read again> 
                   \varPhi 
l.304 }{}
         
A one-character control sequence belongs after a ` mark.
So I'm essentially inserting \0 here.

/usr/share/texlive/texmf-dist/tex/latex/amsmath/amsmath.sty:304: Undefined cont
rol sequence.
<recently read> \varPhi 
                        
l.304 }{}
         
The control sequence at the end of the top line
of your error message was never \def'ed. If you have
misspelled it (e.g., `\hobx'), type `I' and the correct
spelling (e.g., `I\hbox'). Otherwise just continue,
and I'll forget about whatever was undefined.

/usr/share/texlive/texmf-dist/tex/latex/amsmath/amsmath.sty:304: Improper alpha
betic constant.
<to be read again> 
                   \varPsi 
l.304 }{}
         
A one-character control sequence belongs after a ` mark.
So I'm essentially inserting \0 here.

/usr/share/texlive/texmf-dist/tex/latex/amsmath/amsmath.sty:304: Undefined cont
rol sequence.
<recently read> \varPsi 
                        
l.304 }{}
         
The control sequence at the end of the top line
of your error message was never \def'ed. If you have
misspelled it (e.g., `\hobx'), type `I' and the correct
spelling (e.g., `I\hbox'). Otherwise just continue,
and I'll forget about whatever was undefined.

/usr/share/texlive/texmf-dist/tex/latex/amsmath/amsmath.sty:304: Improper alpha
betic constant.
<to be read again> 
                   \varOmega 
l.304 }{}
         
A one-character control sequence belongs after a ` mark.
So I'm essentially inserting \0 here.

/usr/share/texlive/texmf-dist/tex/latex/amsmath/amsmath.sty:304: Undefined cont
rol sequence.
<recently read> \varOmega 
                          
l.304 }{}
         
The control sequence at the end of the top line
of your error message was never \def'ed. If you have
misspelled it (e.g., `\hobx'), type `I' and the correct
spelling (e.g., `I\hbox'). Otherwise just continue,
and I'll forget about whatever was undefined.

LaTeX Info: Redefining \overline on input line 306.
\classnum@=\count91
\DOTSCASE@=\count92
LaTeX Info: Redefining \ldots on input line 378.
LaTeX Info: Redefining \dots on input line 381.
LaTeX Info: Redefining \cdots on input line 466.
\Mathstrutbox@=\box26
\strutbox@=\box27
\big@size=\dimen107
LaTeX Font Info:    Redeclaring font encoding OML on input line 566.
LaTeX Font Info:    Redeclaring font encoding OMS on input line 567.
\macc@depth=\count93
\c@MaxMatrixCols=\count94
\dotsspace@=\muskip10
\c@parentequation=\count95
\dspbrk@lvl=\count96
\tag@help=\toks17
\row@=\count97
\column@=\count98
\maxfields@=\count99
\andhelp@=\toks18
\eqnshift@=\dimen108
\alignsep@=\dimen109
\tagshift@=\dimen110
\tagwidth@=\dimen111
\totwidth@=\dimen112
\lineht@=\dimen113
\@envbody=\toks19
\multlinegap=\skip44
\multlinetaggap=\skip45
\mathdisplay@stack=\toks20
LaTeX Info: Redefining \[ on input line 2665.
LaTeX Info: Redefining \] on input line 2666.
) (/usr/share/texlive/texmf-dist/tex/latex/amsfonts/amsfonts.sty
Package: amsfonts 2013/01/14 v3.01 Basic AMSFonts support
\symAMSa=\mathgroup4
\symAMSb=\mathgroup5

/usr/share/texlive/texmf-dist/tex/latex/amsfonts/amsfonts.sty:74: Improper alph
abetic constant.
<to be read again> 
                   \ulcorner 
l.74 ...elimiter{\ulcorner}{\mathopen} {AMSa}{"70}
                                                  {AMSa}{"70}
A one-character control sequence belongs after a ` mark.
So I'm essentially inserting \0 here.

/usr/share/texlive/texmf-dist/tex/latex/amsfonts/amsfonts.sty:74: Undefined con
trol sequence.
<recently read> \ulcorner 
                          
l.74 ...elimiter{\ulcorner}{\mathopen} {AMSa}{"70}
                                                  {AMSa}{"70}
The control sequence at the end of the top line
of your error message was never \def'ed. If you have
misspelled it (e.g., `\hobx'), type `I' and the correct
spelling (e.g., `I\hbox'). Otherwise just continue,
and I'll forget about whatever was undefined.

/usr/share/texlive/texmf-dist/tex/latex/amsfonts/amsfonts.sty:74: Improper alph
abetic constant.
<to be read again> 
                   \ulcorner 
l.74 ...lcorner}{\mathopen} {AMSa}{"70}{AMSa}{"70}
                                                  
A one-character control sequence belongs after a ` mark.
So I'm essentially inserting \0 here.

/usr/share/texlive/texmf-dist/tex/latex/amsfonts/amsfonts.sty:74: Undefined con
trol sequence.
<recently read> \ulcorner 
                          
l.74 ...lcorner}{\mathopen} {AMSa}{"70}{AMSa}{"70}
                                                  
The control sequence at the end of the top line
of your error message was never \def'ed. If you have
misspelled it (e.g., `\hobx'), type `I' and the correct
spelling (e.g., `I\hbox'). Otherwise just continue,
and I'll forget about whatever was undefined.

/usr/share/texlive/texmf-dist/tex/latex/amsfonts/amsfonts.sty:75: Improper alph
abetic constant.
<to be read again> 
                   \urcorner 
l.75 ...elimiter{\urcorner}{\mathclose}{AMSa}{"71}
                                                  {AMSa}{"71}
A one-character control sequence belongs after a ` mark.
So I'm essentially inserting \0 here.

/usr/share/texlive/texmf-dist/tex/latex/amsfonts/amsfonts.sty:75: Undefined con
trol sequence.
<recently read> \urcorner 
                          
l.75 ...elimiter{\urcorner}{\mathclose}{AMSa}{"71}
                                                  {AMSa}{"71}
The control sequence at the end of the top line
of your error message was never \def'ed. If you have
misspelled it (e.g., `\hobx'), type `I' and the correct
spelling (e.g., `I\hbox'). Otherwise just continue,
and I'll forget about whatever was undefined.

/usr/share/texlive/texmf-dist/tex/latex/amsfonts/amsfonts.sty:75: Improper alph
abetic constant.
<to be read again> 
                   \urcorner 
l.75 ...rcorner}{\mathclose}{AMSa}{"71}{AMSa}{"71}
                                                  
A one-character control sequence belongs after a ` mark.
So I'm essentially inserting \0 here.

/usr/share/texlive/texmf-dist/tex/latex/amsfonts/amsfonts.sty:75: Undefined con
trol sequence.
<recently read> \urcorner 
                          
l.75 ...rcorner}{\mathclose}{AMSa}{"71}{AMSa}{"71}
                                                  
The control sequence at the end of the top line
of your error message was never \def'ed. If you have
misspelled it (e.g., `\hobx'), type `I' and the correct
spelling (e.g., `I\hbox'). Otherwise just continue,
and I'll forget about whatever was undefined.

/usr/share/texlive/texmf-dist/tex/latex/amsfonts/amsfonts.sty:76: Improper alph
abetic constant.
<to be read again> 
                   \llcorner 
l.76 ...elimiter{\llcorner}{\mathopen} {AMSa}{"78}
                                                  {AMSa}{"78}
A one-character control sequence belongs after a ` mark.
So I'm essentially inserting \0 here.

/usr/share/texlive/texmf-dist/tex/latex/amsfonts/amsfonts.sty:76: Undefined con
trol sequence.
<recently read> \llcorner 
                          
l.76 ...elimiter{\llcorner}{\mathopen} {AMSa}{"78}
                                                  {AMSa}{"78}
The control sequence at the end of the top line
of your error message was never \def'ed. If you have
misspelled it (e.g., `\hobx'), type `I' and the correct
spelling (e.g., `I\hbox'). Otherwise just continue,
and I'll forget about whatever was undefined.

/usr/share/texlive/texmf-dist/tex/latex/amsfonts/amsfonts.sty:76: Improper alph
abetic constant.
<to be read again> 
                   \llcorner 
l.76 ...lcorner}{\mathopen} {AMSa}{"78}{AMSa}{"78}
                                                  
A one-character control sequence belongs after a ` mark.
So I'm essentially inserting \0 here.

/usr/share/texlive/texmf-dist/tex/latex/amsfonts/amsfonts.sty:76: Undefined con
trol sequence.
<recently read> \llcorner 
                          
l.76 ...lcorner}{\mathopen} {AMSa}{"78}{AMSa}{"78}
                                                  
The control sequence at the end of the top line
of your error message was never \def'ed. If you have
misspelled it (e.g., `\hobx'), type `I' and the correct
spelling (e.g., `I\hbox'). Otherwise just continue,
and I'll forget about whatever was undefined.

/usr/share/texlive/texmf-dist/tex/latex/amsfonts/amsfonts.sty:77: Improper alph
abetic constant.
<to be read again> 
                   \lrcorner 
l.77 ...elimiter{\lrcorner}{\mathclose}{AMSa}{"79}
                                                  {AMSa}{"79}
A one-character control sequence belongs after a ` mark.
So I'm essentially inserting \0 here.

/usr/share/texlive/texmf-dist/tex/latex/amsfonts/amsfonts.sty:77: Undefined con
trol sequence.
<recently read> \lrcorner 
                          
l.77 ...elimiter{\lrcorner}{\mathclose}{AMSa}{"79}
                                                  {AMSa}{"79}
The control sequence at the end of the top line
of your error message was never \def'ed. If you have
misspelled it (e.g., `\hobx'), type `I' and the correct
spelling (e.g., `I\hbox'). Otherwise just continue,
and I'll forget about whatever was undefined.

/usr/share/texlive/texmf-dist/tex/latex/amsfonts/amsfonts.sty:77: Improper alph
abetic constant.
<to be read again> 
                   \lrcorner 
l.77 ...rcorner}{\mathclose}{AMSa}{"79}{AMSa}{"79}
                                                  
A one-character control sequence belongs after a ` mark.
So I'm essentially inserting \0 here.

/usr/share/texlive/texmf-dist/tex/latex/amsfonts/amsfonts.sty:77: Undefined con
trol sequence.
<recently read> \lrcorner 
                          
l.77 ...rcorner}{\mathclose}{AMSa}{"79}{AMSa}{"79}
                                                  
The control sequence at the end of the top line
of your error message was never \def'ed. If you have
misspelled it (e.g., `\hobx'), type `I' and the correct
spelling (e.g., `I\hbox'). Otherwise just continue,
and I'll forget about whatever was undefined.

/usr/share/texlive/texmf-dist/tex/latex/amsfonts/amsfonts.sty:95: Improper alph
abetic constant.
<to be read again> 
                   \dabar@ 
l.95 }
      
A one-character control sequence belongs after a ` mark.
So I'm essentially inserting \0 here.

/usr/share/texlive/texmf-dist/tex/latex/amsfonts/amsfonts.sty:95: Undefined con
trol sequence.
<recently read> \dabar@ 
                        
l.95 }
      
The control sequence at the end of the top line
of your error message was never \def'ed. If you have
misspelled it (e.g., `\hobx'), type `I' and the correct
spelling (e.g., `I\hbox'). Otherwise just continue,
and I'll forget about whatever was undefined.

/usr/share/texlive/texmf-dist/tex/latex/amsfonts/amsfonts.sty:95: Undefined con
trol sequence.
<argument> ... \dashrightarrow {\mathrel {\dabar@ 
                                                  \dabar@ \mathchar "0\hexnu...
l.95 }
      
The control sequence at the end of the top line
of your error message was never \def'ed. If you have
misspelled it (e.g., `\hobx'), type `I' and the correct
spelling (e.g., `I\hbox'). Otherwise just continue,
and I'll forget about whatever was undefined.

/usr/share/texlive/texmf-dist/tex/latex/amsfonts/amsfonts.sty:95: Undefined con
trol sequence.
<argument> ...ghtarrow {\mathrel {\dabar@ \dabar@ 
                                                  \mathchar "0\hexnumber@ \s...
l.95 }
      
The control sequence at the end of the top line
of your error message was never \def'ed. If you have
misspelled it (e.g., `\hobx'), type `I' and the correct
spelling (e.g., `I\hbox'). Otherwise just continue,
and I'll forget about whatever was undefined.

/usr/share/texlive/texmf-dist/tex/latex/amsfonts/amsfonts.sty:95: Undefined con
trol sequence.
<argument> ...ar "0\hexnumber@ \symAMSa 4C\dabar@ 
                                                  \dabar@ }}\global \let \da...
l.95 }
      
The control sequence at the end of the top line
of your error message was never \def'ed. If you have
misspelled it (e.g., `\hobx'), type `I' and the correct
spelling (e.g., `I\hbox'). Otherwise just continue,
and I'll forget about whatever was undefined.

/usr/share/texlive/texmf-dist/tex/latex/amsfonts/amsfonts.sty:95: Undefined con
trol sequence.
<argument> ...xnumber@ \symAMSa 4C\dabar@ \dabar@ 
                                                  }}\global \let \dasharrow ...
l.95 }
      
The control sequence at the end of the top line
of your error message was never \def'ed. If you have
misspelled it (e.g., `\hobx'), type `I' and the correct
spelling (e.g., `I\hbox'). Otherwise just continue,
and I'll forget about whatever was undefined.

/usr/share/texlive/texmf-dist/tex/latex/amsfonts/amsfonts.sty:96: Improper alph
abetic constant.
<to be read again> 
                   \rightleftharpoons 
l.96 ...l{\rightleftharpoons}{\mathrel}{AMSa}{"0A}
                                                  
A one-character control sequence belongs after a ` mark.
So I'm essentially inserting \0 here.

/usr/share/texlive/texmf-dist/tex/latex/amsfonts/amsfonts.sty:96: Undefined con
trol sequence.
<recently read> \rightleftharpoons 
                                   
l.96 ...l{\rightleftharpoons}{\mathrel}{AMSa}{"0A}
                                                  
The control sequence at the end of the top line
of your error message was never \def'ed. If you have
misspelled it (e.g., `\hobx'), type `I' and the correct
spelling (e.g., `I\hbox'). Otherwise just continue,
and I'll forget about whatever was undefined.

/usr/share/texlive/texmf-dist/tex/latex/amsfonts/amsfonts.sty:97: Improper alph
abetic constant.
<to be read again> 
                   \angle 
l.97 ...l{\angle}            {\mathord}{AMSa}{"5C}
                                                  
A one-character control sequence belongs after a ` mark.
So I'm essentially inserting \0 here.

/usr/share/texlive/texmf-dist/tex/latex/amsfonts/amsfonts.sty:97: Undefined con
trol sequence.
<recently read> \angle 
                       
l.97 ...l{\angle}            {\mathord}{AMSa}{"5C}
                                                  
The control sequence at the end of the top line
of your error message was never \def'ed. If you have
misspelled it (e.g., `\hobx'), type `I' and the correct
spelling (e.g., `I\hbox'). Otherwise just continue,
and I'll forget about whatever was undefined.

/usr/share/texlive/texmf-dist/tex/latex/amsfonts/amsfonts.sty:98: Improper alph
abetic constant.
<to be read again> 
                   \hbar 
l.98 ...l{\hbar}             {\mathord}{AMSb}{"7E}
                                                  
A one-character control sequence belongs after a ` mark.
So I'm essentially inserting \0 here.

/usr/share/texlive/texmf-dist/tex/latex/amsfonts/amsfonts.sty:98: Undefined con
trol sequence.
<recently read> \hbar 
                      
l.98 ...l{\hbar}             {\mathord}{AMSb}{"7E}
                                                  
The control sequence at the end of the top line
of your error message was never \def'ed. If you have
misspelled it (e.g., `\hobx'), type `I' and the correct
spelling (e.g., `I\hbox'). Otherwise just continue,
and I'll forget about whatever was undefined.

/usr/share/texlive/texmf-dist/tex/latex/amsfonts/amsfonts.sty:99: Improper alph
abetic constant.
<to be read again> 
                   \sqsubset 
l.99 ...l{\sqsubset}         {\mathrel}{AMSa}{"40}
                                                  
A one-character control sequence belongs after a ` mark.
So I'm essentially inserting \0 here.

/usr/share/texlive/texmf-dist/tex/latex/amsfonts/amsfonts.sty:99: Undefined con
trol sequence.
<recently read> \sqsubset 
                          
l.99 ...l{\sqsubset}         {\mathrel}{AMSa}{"40}
                                                  
The control sequence at the end of the top line
of your error message was never \def'ed. If you have
misspelled it (e.g., `\hobx'), type `I' and the correct
spelling (e.g., `I\hbox'). Otherwise just continue,
and I'll forget about whatever was undefined.

/usr/share/texlive/texmf-dist/tex/latex/amsfonts/amsfonts.sty:100: Improper alp
habetic constant.
<to be read again> 
                   \sqsupset 
l.100 ...{\sqsupset}         {\mathrel}{AMSa}{"41}
                                                  
A one-character control sequence belongs after a ` mark.
So I'm essentially inserting \0 here.

/usr/share/texlive/texmf-dist/tex/latex/amsfonts/amsfonts.sty:100: Undefined co
ntrol sequence.
<recently read> \sqsupset 
                          
l.100 ...{\sqsupset}         {\mathrel}{AMSa}{"41}
                                                  
The control sequence at the end of the top line
of your error message was never \def'ed. If you have
misspelled it (e.g., `\hobx'), type `I' and the correct
spelling (e.g., `I\hbox'). Otherwise just continue,
and I'll forget about whatever was undefined.

/usr/share/texlive/texmf-dist/tex/latex/amsfonts/amsfonts.sty:101: Improper alp
habetic constant.
<to be read again> 
                   \mho 
l.101 ...{\mho}              {\mathord}{AMSb}{"66}
                                                  
A one-character control sequence belongs after a ` mark.
So I'm essentially inserting \0 here.

/usr/share/texlive/texmf-dist/tex/latex/amsfonts/amsfonts.sty:101: Undefined co
ntrol sequence.
<recently read> \mho 
                     
l.101 ...{\mho}              {\mathord}{AMSb}{"66}
                                                  
The control sequence at the end of the top line
of your error message was never \def'ed. If you have
misspelled it (e.g., `\hobx'), type `I' and the correct
spelling (e.g., `I\hbox'). Otherwise just continue,
and I'll forget about whatever was undefined.

LaTeX Font Info:    Overwriting math alphabet `\mathfrak' in version `bold'
(Font)                  U/euf/m/n --> U/euf/b/n on input line 106.
/usr/share/texlive/texmf-dist/tex/latex/amsfonts/amsfonts.sty:141: Improper alp
habetic constant.
<to be read again> 
                   \square 
l.141 ...{\square}           {\mathord}{AMSa}{"03}
                                                  
A one-character control sequence belongs after a ` mark.
So I'm essentially inserting \0 here.

/usr/share/texlive/texmf-dist/tex/latex/amsfonts/amsfonts.sty:141: Undefined co
ntrol sequence.
<recently read> \square 
                        
l.141 ...{\square}           {\mathord}{AMSa}{"03}
                                                  
The control sequence at the end of the top line
of your error message was never \def'ed. If you have
misspelled it (e.g., `\hobx'), type `I' and the correct
spelling (e.g., `I\hbox'). Otherwise just continue,
and I'll forget about whatever was undefined.

/usr/share/texlive/texmf-dist/tex/latex/amsfonts/amsfonts.sty:142: Improper alp
habetic constant.
<to be read again> 
                   \lozenge 
l.142 ...{\lozenge}          {\mathord}{AMSa}{"06}
                                                  
A one-character control sequence belongs after a ` mark.
So I'm essentially inserting \0 here.

/usr/share/texlive/texmf-dist/tex/latex/amsfonts/amsfonts.sty:142: Undefined co
ntrol sequence.
<recently read> \lozenge 
                         
l.142 ...{\lozenge}          {\mathord}{AMSa}{"06}
                                                  
The control sequence at the end of the top line
of your error message was never \def'ed. If you have
misspelled it (e.g., `\hobx'), type `I' and the correct
spelling (e.g., `I\hbox'). Otherwise just continue,
and I'll forget about whatever was undefined.

/usr/share/texlive/texmf-dist/tex/latex/amsfonts/amsfonts.sty:143: Improper alp
habetic constant.
<to be read again> 
                   \vartriangleright 
l.143 ...{\vartriangleright} {\mathrel}{AMSa}{"42}
                                                  
A one-character control sequence belongs after a ` mark.
So I'm essentially inserting \0 here.

/usr/share/texlive/texmf-dist/tex/latex/amsfonts/amsfonts.sty:143: Undefined co
ntrol sequence.
<recently read> \vartriangleright 
                                  
l.143 ...{\vartriangleright} {\mathrel}{AMSa}{"42}
                                                  
The control sequence at the end of the top line
of your error message was never \def'ed. If you have
misspelled it (e.g., `\hobx'), type `I' and the correct
spelling (e.g., `I\hbox'). Otherwise just continue,
and I'll forget about whatever was undefined.

/usr/share/texlive/texmf-dist/tex/latex/amsfonts/amsfonts.sty:144: Improper alp
habetic constant.
<to be read again> 
                   \vartriangleleft 
l.144 ...{\vartriangleleft}  {\mathrel}{AMSa}{"43}
                                                  
A one-character control sequence belongs after a ` mark.
So I'm essentially inserting \0 here.

/usr/share/texlive/texmf-dist/tex/latex/amsfonts/amsfonts.sty:144: Undefined co
ntrol sequence.
<recently read> \vartriangleleft 
                                 
l.144 ...{\vartriangleleft}  {\mathrel}{AMSa}{"43}
                                                  
The control sequence at the end of the top line
of your error message was never \def'ed. If you have
misspelled it (e.g., `\hobx'), type `I' and the correct
spelling (e.g., `I\hbox'). Otherwise just continue,
and I'll forget about whatever was undefined.

/usr/share/texlive/texmf-dist/tex/latex/amsfonts/amsfonts.sty:145: Improper alp
habetic constant.
<to be read again> 
                   \trianglerighteq 
l.145 ...{\trianglerighteq}  {\mathrel}{AMSa}{"44}
                                                  
A one-character control sequence belongs after a ` mark.
So I'm essentially inserting \0 here.

/usr/share/texlive/texmf-dist/tex/latex/amsfonts/amsfonts.sty:145: Undefined co
ntrol sequence.
<recently read> \trianglerighteq 
                                 
l.145 ...{\trianglerighteq}  {\mathrel}{AMSa}{"44}
                                                  
The control sequence at the end of the top line
of your error message was never \def'ed. If you have
misspelled it (e.g., `\hobx'), type `I' and the correct
spelling (e.g., `I\hbox'). Otherwise just continue,
and I'll forget about whatever was undefined.

/usr/share/texlive/texmf-dist/tex/latex/amsfonts/amsfonts.sty:146: Improper alp
habetic constant.
<to be read again> 
                   \trianglelefteq 
l.146 ...{\trianglelefteq}   {\mathrel}{AMSa}{"45}
                                                  
A one-character control sequence belongs after a ` mark.
So I'm essentially inserting \0 here.

/usr/share/texlive/texmf-dist/tex/latex/amsfonts/amsfonts.sty:146: Undefined co
ntrol sequence.
<recently read> \trianglelefteq 
                                
l.146 ...{\trianglelefteq}   {\mathrel}{AMSa}{"45}
                                                  
The control sequence at the end of the top line
of your error message was never \def'ed. If you have
misspelled it (e.g., `\hobx'), type `I' and the correct
spelling (e.g., `I\hbox'). Otherwise just continue,
and I'll forget about whatever was undefined.

/usr/share/texlive/texmf-dist/tex/latex/amsfonts/amsfonts.sty:147: Improper alp
habetic constant.
<to be read again> 
                   \rightsquigarrow 
l.147 ...{\rightsquigarrow}  {\mathrel}{AMSa}{"20}
                                                  
A one-character control sequence belongs after a ` mark.
So I'm essentially inserting \0 here.

/usr/share/texlive/texmf-dist/tex/latex/amsfonts/amsfonts.sty:147: Undefined co
ntrol sequence.
<recently read> \rightsquigarrow 
                                 
l.147 ...{\rightsquigarrow}  {\mathrel}{AMSa}{"20}
                                                  
The control sequence at the end of the top line
of your error message was never \def'ed. If you have
misspelled it (e.g., `\hobx'), type `I' and the correct
spelling (e.g., `I\hbox'). Otherwise just continue,
and I'll forget about whatever was undefined.

/usr/share/texlive/texmf-dist/tex/latex/amsfonts/amsfonts.sty:157: Improper alp
habetic constant.
<to be read again> 
                   \lhd 
l.157 ...athSymbol{\lhd}     {\mathbin}{AMSa}{"43}
                                                  
A one-character control sequence belongs after a ` mark.
So I'm essentially inserting \0 here.

/usr/share/texlive/texmf-dist/tex/latex/amsfonts/amsfonts.sty:157: Undefined co
ntrol sequence.
<recently read> \lhd 
                     
l.157 ...athSymbol{\lhd}     {\mathbin}{AMSa}{"43}
                                                  
The control sequence at the end of the top line
of your error message was never \def'ed. If you have
misspelled it (e.g., `\hobx'), type `I' and the correct
spelling (e.g., `I\hbox'). Otherwise just continue,
and I'll forget about whatever was undefined.

/usr/share/texlive/texmf-dist/tex/latex/amsfonts/amsfonts.sty:158: Improper alp
habetic constant.
<to be read again> 
                   \unlhd 
l.158 ...athSymbol{\unlhd}   {\mathbin}{AMSa}{"45}
                                                  
A one-character control sequence belongs after a ` mark.
So I'm essentially inserting \0 here.

/usr/share/texlive/texmf-dist/tex/latex/amsfonts/amsfonts.sty:158: Undefined co
ntrol sequence.
<recently read> \unlhd 
                       
l.158 ...athSymbol{\unlhd}   {\mathbin}{AMSa}{"45}
                                                  
The control sequence at the end of the top line
of your error message was never \def'ed. If you have
misspelled it (e.g., `\hobx'), type `I' and the correct
spelling (e.g., `I\hbox'). Otherwise just continue,
and I'll forget about whatever was undefined.

/usr/share/texlive/texmf-dist/tex/latex/amsfonts/amsfonts.sty:159: Improper alp
habetic constant.
<to be read again> 
                   \rhd 
l.159 ...athSymbol{\rhd}     {\mathbin}{AMSa}{"42}
                                                  
A one-character control sequence belongs after a ` mark.
So I'm essentially inserting \0 here.

/usr/share/texlive/texmf-dist/tex/latex/amsfonts/amsfonts.sty:159: Undefined co
ntrol sequence.
<recently read> \rhd 
                     
l.159 ...athSymbol{\rhd}     {\mathbin}{AMSa}{"42}
                                                  
The control sequence at the end of the top line
of your error message was never \def'ed. If you have
misspelled it (e.g., `\hobx'), type `I' and the correct
spelling (e.g., `I\hbox'). Otherwise just continue,
and I'll forget about whatever was undefined.

/usr/share/texlive/texmf-dist/tex/latex/amsfonts/amsfonts.sty:160: Improper alp
habetic constant.
<to be read again> 
                   \unrhd 
l.160 ...athSymbol{\unrhd}   {\mathbin}{AMSa}{"44}
                                                  
A one-character control sequence belongs after a ` mark.
So I'm essentially inserting \0 here.

/usr/share/texlive/texmf-dist/tex/latex/amsfonts/amsfonts.sty:160: Undefined co
ntrol sequence.
<recently read> \unrhd 
                       
l.160 ...athSymbol{\unrhd}   {\mathbin}{AMSa}{"44}
                                                  
The control sequence at the end of the top line
of your error message was never \def'ed. If you have
misspelled it (e.g., `\hobx'), type `I' and the correct
spelling (e.g., `I\hbox'). Otherwise just continue,
and I'll forget about whatever was undefined.

) (/usr/share/texlive/texmf-dist/tex/latex/amsfonts/amssymb.sty
Package: amssymb 2013/01/14 v3.01 AMS font symbols

/usr/share/texlive/texmf-dist/tex/latex/amsfonts/amssymb.sty:44: Improper alpha
betic constant.
<to be read again> 
                   \boxdot 
l.44 ...ymbol{\boxdot}       {\mathbin}{AMSa}{"00}
                                                  
A one-character control sequence belongs after a ` mark.
So I'm essentially inserting \0 here.

/usr/share/texlive/texmf-dist/tex/latex/amsfonts/amssymb.sty:44: Undefined cont
rol sequence.
<recently read> \boxdot 
                        
l.44 ...ymbol{\boxdot}       {\mathbin}{AMSa}{"00}
                                                  
The control sequence at the end of the top line
of your error message was never \def'ed. If you have
misspelled it (e.g., `\hobx'), type `I' and the correct
spelling (e.g., `I\hbox'). Otherwise just continue,
and I'll forget about whatever was undefined.

/usr/share/texlive/texmf-dist/tex/latex/amsfonts/amssymb.sty:45: Improper alpha
betic constant.
<to be read again> 
                   \boxplus 
l.45 ...ymbol{\boxplus}      {\mathbin}{AMSa}{"01}
                                                  
A one-character control sequence belongs after a ` mark.
So I'm essentially inserting \0 here.

/usr/share/texlive/texmf-dist/tex/latex/amsfonts/amssymb.sty:45: Undefined cont
rol sequence.
<recently read> \boxplus 
                         
l.45 ...ymbol{\boxplus}      {\mathbin}{AMSa}{"01}
                                                  
The control sequence at the end of the top line
of your error message was never \def'ed. If you have
misspelled it (e.g., `\hobx'), type `I' and the correct
spelling (e.g., `I\hbox'). Otherwise just continue,
and I'll forget about whatever was undefined.

/usr/share/texlive/texmf-dist/tex/latex/amsfonts/amssymb.sty:46: Improper alpha
betic constant.
<to be read again> 
                   \boxtimes 
l.46 ...ymbol{\boxtimes}     {\mathbin}{AMSa}{"02}
                                                  
A one-character control sequence belongs after a ` mark.
So I'm essentially inserting \0 here.

/usr/share/texlive/texmf-dist/tex/latex/amsfonts/amssymb.sty:46: Undefined cont
rol sequence.
<recently read> \boxtimes 
                          
l.46 ...ymbol{\boxtimes}     {\mathbin}{AMSa}{"02}
                                                  
The control sequence at the end of the top line
of your error message was never \def'ed. If you have
misspelled it (e.g., `\hobx'), type `I' and the correct
spelling (e.g., `I\hbox'). Otherwise just continue,
and I'll forget about whatever was undefined.

/usr/share/texlive/texmf-dist/tex/latex/amsfonts/amssymb.sty:47: Improper alpha
betic constant.
<to be read again> 
                   \square 
l.47 ...ymbol{\square}       {\mathord}{AMSa}{"03}
                                                  
A one-character control sequence belongs after a ` mark.
So I'm essentially inserting \0 here.

/usr/share/texlive/texmf-dist/tex/latex/amsfonts/amssymb.sty:47: Missing number
, treated as zero.
<to be read again> 
                   \square 
l.47 ...ymbol{\square}       {\mathord}{AMSa}{"03}
                                                  
A number should have been here; I inserted `0'.
(If you can't figure out why I needed to see a number,
look up `weird error' in the index to The TeXbook.)


/usr/share/texlive/texmf-dist/tex/latex/amsfonts/amssymb.sty:47: LaTeX Error: M
issing \begin{document}.

See the LaTeX manual or LaTeX Companion for explanation.
Type  H <return>  for immediate help.
 ...                                              
                                                  
l.47 ...ymbol{\square}       {\mathord}{AMSa}{"03}
                                                  
You're in trouble here.  Try typing  <return>  to proceed.
If that doesn't work, type  X <return>  to quit.

Missing character: There is no = in font nullfont!
Missing character: There is no " in font nullfont!
Missing character: There is no 0 in font nullfont!
Missing character: There is no 4 in font nullfont!
Missing character: There is no 0 in font nullfont!
Missing character: There is no 3 in font nullfont!
/usr/share/texlive/texmf-dist/tex/latex/amsfonts/amssymb.sty:48: Improper alpha
betic constant.
<to be read again> 
                   \blacksquare 
l.48 ...ymbol{\blacksquare}  {\mathord}{AMSa}{"04}
                                                  
A one-character control sequence belongs after a ` mark.
So I'm essentially inserting \0 here.

/usr/share/texlive/texmf-dist/tex/latex/amsfonts/amssymb.sty:48: Undefined cont
rol sequence.
<recently read> \blacksquare 
                             
l.48 ...ymbol{\blacksquare}  {\mathord}{AMSa}{"04}
                                                  
The control sequence at the end of the top line
of your error message was never \def'ed. If you have
misspelled it (e.g., `\hobx'), type `I' and the correct
spelling (e.g., `I\hbox'). Otherwise just continue,
and I'll forget about whatever was undefined.

/usr/share/texlive/texmf-dist/tex/latex/amsfonts/amssymb.sty:49: Improper alpha
betic constant.
<to be read again> 
                   \centerdot 
l.49 ...ymbol{\centerdot}    {\mathbin}{AMSa}{"05}
                                                  
A one-character control sequence belongs after a ` mark.
So I'm essentially inserting \0 here.

/usr/share/texlive/texmf-dist/tex/latex/amsfonts/amssymb.sty:49: Undefined cont
rol sequence.
<recently read> \centerdot 
                           
l.49 ...ymbol{\centerdot}    {\mathbin}{AMSa}{"05}
                                                  
The control sequence at the end of the top line
of your error message was never \def'ed. If you have
misspelled it (e.g., `\hobx'), type `I' and the correct
spelling (e.g., `I\hbox'). Otherwise just continue,
and I'll forget about whatever was undefined.

/usr/share/texlive/texmf-dist/tex/latex/amsfonts/amssymb.sty:50: Improper alpha
betic constant.
<to be read again> 
                   \lozenge 
l.50 ...ymbol{\lozenge}      {\mathord}{AMSa}{"06}
                                                  
A one-character control sequence belongs after a ` mark.
So I'm essentially inserting \0 here.

/usr/share/texlive/texmf-dist/tex/latex/amsfonts/amssymb.sty:50: Missing number
, treated as zero.
<to be read again> 
                   \lozenge 
l.50 ...ymbol{\lozenge}      {\mathord}{AMSa}{"06}
                                                  
A number should have been here; I inserted `0'.
(If you can't figure out why I needed to see a number,
look up `weird error' in the index to The TeXbook.)

Missing character: There is no = in font nullfont!
Missing character: There is no " in font nullfont!
Missing character: There is no 0 in font nullfont!
Missing character: There is no 4 in font nullfont!
Missing character: There is no 0 in font nullfont!
Missing character: There is no 6 in font nullfont!
/usr/share/texlive/texmf-dist/tex/latex/amsfonts/amssymb.sty:51: Improper alpha
betic constant.
<to be read again> 
                   \blacklozenge 
l.51 ...ymbol{\blacklozenge} {\mathord}{AMSa}{"07}
                                                  
A one-character control sequence belongs after a ` mark.
So I'm essentially inserting \0 here.

/usr/share/texlive/texmf-dist/tex/latex/amsfonts/amssymb.sty:51: Undefined cont
rol sequence.
<recently read> \blacklozenge 
                              
l.51 ...ymbol{\blacklozenge} {\mathord}{AMSa}{"07}
                                                  
The control sequence at the end of the top line
of your error message was never \def'ed. If you have
misspelled it (e.g., `\hobx'), type `I' and the correct
spelling (e.g., `I\hbox'). Otherwise just continue,
and I'll forget about whatever was undefined.

/usr/share/texlive/texmf-dist/tex/latex/amsfonts/amssymb.sty:52: Improper alpha
betic constant.
<to be read again> 
                   \circlearrowright 
l.52 ...\circlearrowright}   {\mathrel}{AMSa}{"08}
                                                  
A one-character control sequence belongs after a ` mark.
So I'm essentially inserting \0 here.

/usr/share/texlive/texmf-dist/tex/latex/amsfonts/amssymb.sty:52: Undefined cont
rol sequence.
<recently read> \circlearrowright 
                                  
l.52 ...\circlearrowright}   {\mathrel}{AMSa}{"08}
                                                  
The control sequence at the end of the top line
of your error message was never \def'ed. If you have
misspelled it (e.g., `\hobx'), type `I' and the correct
spelling (e.g., `I\hbox'). Otherwise just continue,
and I'll forget about whatever was undefined.

/usr/share/texlive/texmf-dist/tex/latex/amsfonts/amssymb.sty:53: Improper alpha
betic constant.
<to be read again> 
                   \circlearrowleft 
l.53 ...\circlearrowleft}    {\mathrel}{AMSa}{"09}
                                                  
A one-character control sequence belongs after a ` mark.
So I'm essentially inserting \0 here.

/usr/share/texlive/texmf-dist/tex/latex/amsfonts/amssymb.sty:53: Undefined cont
rol sequence.
<recently read> \circlearrowleft 
                                 
l.53 ...\circlearrowleft}    {\mathrel}{AMSa}{"09}
                                                  
The control sequence at the end of the top line
of your error message was never \def'ed. If you have
misspelled it (e.g., `\hobx'), type `I' and the correct
spelling (e.g., `I\hbox'). Otherwise just continue,
and I'll forget about whatever was undefined.

/usr/share/texlive/texmf-dist/tex/latex/amsfonts/amssymb.sty:56: Improper alpha
betic constant.
<to be read again> 
                   \leftrightharpoons 
l.56 ...\leftrightharpoons}  {\mathrel}{AMSa}{"0B}
                                                  
A one-character control sequence belongs after a ` mark.
So I'm essentially inserting \0 here.

/usr/share/texlive/texmf-dist/tex/latex/amsfonts/amssymb.sty:56: Undefined cont
rol sequence.
<recently read> \leftrightharpoons 
                                   
l.56 ...\leftrightharpoons}  {\mathrel}{AMSa}{"0B}
                                                  
The control sequence at the end of the top line
of your error message was never \def'ed. If you have
misspelled it (e.g., `\hobx'), type `I' and the correct
spelling (e.g., `I\hbox'). Otherwise just continue,
and I'll forget about whatever was undefined.

/usr/share/texlive/texmf-dist/tex/latex/amsfonts/amssymb.sty:57: Improper alpha
betic constant.
<to be read again> 
                   \boxminus 
l.57 ...ymbol{\boxminus}     {\mathbin}{AMSa}{"0C}
                                                  
A one-character control sequence belongs after a ` mark.
So I'm essentially inserting \0 here.

/usr/share/texlive/texmf-dist/tex/latex/amsfonts/amssymb.sty:57: Undefined cont
rol sequence.
<recently read> \boxminus 
                          
l.57 ...ymbol{\boxminus}     {\mathbin}{AMSa}{"0C}
                                                  
The control sequence at the end of the top line
of your error message was never \def'ed. If you have
misspelled it (e.g., `\hobx'), type `I' and the correct
spelling (e.g., `I\hbox'). Otherwise just continue,
and I'll forget about whatever was undefined.

/usr/share/texlive/texmf-dist/tex/latex/amsfonts/amssymb.sty:58: Improper alpha
betic constant.
<to be read again> 
                   \Vdash 
l.58 ...ymbol{\Vdash}        {\mathrel}{AMSa}{"0D}
                                                  
A one-character control sequence belongs after a ` mark.
So I'm essentially inserting \0 here.

/usr/share/texlive/texmf-dist/tex/latex/amsfonts/amssymb.sty:58: Undefined cont
rol sequence.
<recently read> \Vdash 
                       
l.58 ...ymbol{\Vdash}        {\mathrel}{AMSa}{"0D}
                                                  
The control sequence at the end of the top line
of your error message was never \def'ed. If you have
misspelled it (e.g., `\hobx'), type `I' and the correct
spelling (e.g., `I\hbox'). Otherwise just continue,
and I'll forget about whatever was undefined.

/usr/share/texlive/texmf-dist/tex/latex/amsfonts/amssymb.sty:59: Improper alpha
betic constant.
<to be read again> 
                   \Vvdash 
l.59 ...ymbol{\Vvdash}       {\mathrel}{AMSa}{"0E}
                                                  
A one-character control sequence belongs after a ` mark.
So I'm essentially inserting \0 here.

/usr/share/texlive/texmf-dist/tex/latex/amsfonts/amssymb.sty:59: Undefined cont
rol sequence.
<recently read> \Vvdash 
                        
l.59 ...ymbol{\Vvdash}       {\mathrel}{AMSa}{"0E}
                                                  
The control sequence at the end of the top line
of your error message was never \def'ed. If you have
misspelled it (e.g., `\hobx'), type `I' and the correct
spelling (e.g., `I\hbox'). Otherwise just continue,
and I'll forget about whatever was undefined.

/usr/share/texlive/texmf-dist/tex/latex/amsfonts/amssymb.sty:60: Improper alpha
betic constant.
<to be read again> 
                   \vDash 
l.60 ...ymbol{\vDash}        {\mathrel}{AMSa}{"0F}
                                                  
A one-character control sequence belongs after a ` mark.
So I'm essentially inserting \0 here.

/usr/share/texlive/texmf-dist/tex/latex/amsfonts/amssymb.sty:60: Undefined cont
rol sequence.
<recently read> \vDash 
                       
l.60 ...ymbol{\vDash}        {\mathrel}{AMSa}{"0F}
                                                  
The control sequence at the end of the top line
of your error message was never \def'ed. If you have
misspelled it (e.g., `\hobx'), type `I' and the correct
spelling (e.g., `I\hbox'). Otherwise just continue,
and I'll forget about whatever was undefined.

/usr/share/texlive/texmf-dist/tex/latex/amsfonts/amssymb.sty:61: Improper alpha
betic constant.
<to be read again> 
                   \twoheadrightarrow 
l.61 ...\twoheadrightarrow}  {\mathrel}{AMSa}{"10}
                                                  
A one-character control sequence belongs after a ` mark.
So I'm essentially inserting \0 here.

/usr/share/texlive/texmf-dist/tex/latex/amsfonts/amssymb.sty:61: Undefined cont
rol sequence.
<recently read> \twoheadrightarrow 
                                   
l.61 ...\twoheadrightarrow}  {\mathrel}{AMSa}{"10}
                                                  
The control sequence at the end of the top line
of your error message was never \def'ed. If you have
misspelled it (e.g., `\hobx'), type `I' and the correct
spelling (e.g., `I\hbox'). Otherwise just continue,
and I'll forget about whatever was undefined.

/usr/share/texlive/texmf-dist/tex/latex/amsfonts/amssymb.sty:62: Improper alpha
betic constant.
<to be read again> 
                   \twoheadleftarrow 
l.62 ...\twoheadleftarrow}   {\mathrel}{AMSa}{"11}
                                                  
A one-character control sequence belongs after a ` mark.
So I'm essentially inserting \0 here.

/usr/share/texlive/texmf-dist/tex/latex/amsfonts/amssymb.sty:62: Undefined cont
rol sequence.
<recently read> \twoheadleftarrow 
                                  
l.62 ...\twoheadleftarrow}   {\mathrel}{AMSa}{"11}
                                                  
The control sequence at the end of the top line
of your error message was never \def'ed. If you have
misspelled it (e.g., `\hobx'), type `I' and the correct
spelling (e.g., `I\hbox'). Otherwise just continue,
and I'll forget about whatever was undefined.

/usr/share/texlive/texmf-dist/tex/latex/amsfonts/amssymb.sty:63: Improper alpha
betic constant.
<to be read again> 
                   \leftleftarrows 
l.63 ...\leftleftarrows}     {\mathrel}{AMSa}{"12}
                                                  
A one-character control sequence belongs after a ` mark.
So I'm essentially inserting \0 here.

/usr/share/texlive/texmf-dist/tex/latex/amsfonts/amssymb.sty:63: Undefined cont
rol sequence.
<recently read> \leftleftarrows 
                                
l.63 ...\leftleftarrows}     {\mathrel}{AMSa}{"12}
                                                  
The control sequence at the end of the top line
of your error message was never \def'ed. If you have
misspelled it (e.g., `\hobx'), type `I' and the correct
spelling (e.g., `I\hbox'). Otherwise just continue,
and I'll forget about whatever was undefined.

/usr/share/texlive/texmf-dist/tex/latex/amsfonts/amssymb.sty:64: Improper alpha
betic constant.
<to be read again> 
                   \rightrightarrows 
l.64 ...\rightrightarrows}   {\mathrel}{AMSa}{"13}
                                                  
A one-character control sequence belongs after a ` mark.
So I'm essentially inserting \0 here.

/usr/share/texlive/texmf-dist/tex/latex/amsfonts/amssymb.sty:64: Undefined cont
rol sequence.
<recently read> \rightrightarrows 
                                  
l.64 ...\rightrightarrows}   {\mathrel}{AMSa}{"13}
                                                  
The control sequence at the end of the top line
of your error message was never \def'ed. If you have
misspelled it (e.g., `\hobx'), type `I' and the correct
spelling (e.g., `I\hbox'). Otherwise just continue,
and I'll forget about whatever was undefined.

/usr/share/texlive/texmf-dist/tex/latex/amsfonts/amssymb.sty:65: Improper alpha
betic constant.
<to be read again> 
                   \upuparrows 
l.65 ...\upuparrows}         {\mathrel}{AMSa}{"14}
                                                  
A one-character control sequence belongs after a ` mark.
So I'm essentially inserting \0 here.

/usr/share/texlive/texmf-dist/tex/latex/amsfonts/amssymb.sty:65: Undefined cont
rol sequence.
<recently read> \upuparrows 
                            
l.65 ...\upuparrows}         {\mathrel}{AMSa}{"14}
                                                  
The control sequence at the end of the top line
of your error message was never \def'ed. If you have
misspelled it (e.g., `\hobx'), type `I' and the correct
spelling (e.g., `I\hbox'). Otherwise just continue,
and I'll forget about whatever was undefined.

/usr/share/texlive/texmf-dist/tex/latex/amsfonts/amssymb.sty:66: Improper alpha
betic constant.
<to be read again> 
                   \downdownarrows 
l.66 ...bol{\downdownarrows} {\mathrel}{AMSa}{"15}
                                                  
A one-character control sequence belongs after a ` mark.
So I'm essentially inserting \0 here.

/usr/share/texlive/texmf-dist/tex/latex/amsfonts/amssymb.sty:66: Undefined cont
rol sequence.
<recently read> \downdownarrows 
                                
l.66 ...bol{\downdownarrows} {\mathrel}{AMSa}{"15}
                                                  
The control sequence at the end of the top line
of your error message was never \def'ed. If you have
misspelled it (e.g., `\hobx'), type `I' and the correct
spelling (e.g., `I\hbox'). Otherwise just continue,
and I'll forget about whatever was undefined.

/usr/share/texlive/texmf-dist/tex/latex/amsfonts/amssymb.sty:67: Improper alpha
betic constant.
<to be read again> 
                   \upharpoonright 
l.67 ...bol{\upharpoonright} {\mathrel}{AMSa}{"16}
                                                  
(That makes 100 errors; please try again.) 
Here is how much of TeX's memory you used:
 1412 strings out of 494820
 17550 string characters out of 3178049
 68142 words of memory out of 3000000
 4640 multiletter control sequences out of 15000+200000
 3640 words of font info for 14 fonts, out of 3000000 for 9000
 198 hyphenation exceptions out of 8191
 27i,4n,24p,235b,111s stack positions out of 5000i,500n,10000p,200000b,50000s

/usr/share/texlive/texmf-dist/tex/latex/amsfonts/amssymb.sty:67:  ==> Fatal err
or occurred, no output PDF file produced!
